[debug] [2026-03-23T18:13:53.781Z] ----------------------------------------------------------------------
[debug] [2026-03-23T18:13:53.783Z] Command:       C:\Program Files\nodejs\node.exe C:\Users\ysfar\AppData\Roaming\npm\node_modules\firebase-tools\lib\bin\firebase.js init functions
[debug] [2026-03-23T18:13:53.783Z] CLI Version:   14.6.0
[debug] [2026-03-23T18:13:53.784Z] Platform:      win32
[debug] [2026-03-23T18:13:53.784Z] Node Version:  v22.16.0
[debug] [2026-03-23T18:13:53.784Z] Time:          Mon Mar 23 2026 21:13:53 GMT+0300 (GMT+03:00)
[debug] [2026-03-23T18:13:53.784Z] ----------------------------------------------------------------------
[debug] 
[debug] [2026-03-23T18:13:53.926Z] > command requires scopes: ["email","openid","https://www.googleapis.com/auth/cloudplatformprojects.readonly","https://www.googleapis.com/auth/firebase","https://www.googleapis.com/auth/cloud-platform"]
[debug] [2026-03-23T18:13:53.926Z] > authorizing via signed-in user (yusufking23a@gmail.com)
[info] 
     ######## #### ########  ######## ########     ###     ######  ########
     ##        ##  ##     ## ##       ##     ##  ##   ##  ##       ##
     ######    ##  ########  ######   ########  #########  ######  ######
     ##        ##  ##    ##  ##       ##     ## ##     ##       ## ##
     ##       #### ##     ## ######## ########  ##     ##  ######  ########

You're about to initialize a Firebase project in this directory:

  C:\Users\ysfar\Desktop\PROJECT-RISK-AI

Before we get started, keep in mind:

  * You are initializing within an existing Firebase project directory

[info] 
=== Project Setup
[info] 
[info] First, let's associate this project directory with a Firebase project.
[info] You can create multiple project aliases by running firebase use --add, 
[info] but for now we'll just set up a default project.
[info] 
[debug] [2026-03-23T18:14:02.170Z] Using project from CLI flag: project-risk-ai
[debug] [2026-03-23T18:14:02.171Z] Checked if tokens are valid: true, expires at: 1774291244656
[debug] [2026-03-23T18:14:02.171Z] Checked if tokens are valid: true, expires at: 1774291244656
[debug] [2026-03-23T18:14:02.171Z] >>> [apiv2][query] GET https://firebase.googleapis.com/v1beta1/projects/project-risk-ai [none]
[debug] [2026-03-23T18:14:02.623Z] <<< [apiv2][status] GET https://firebase.googleapis.com/v1beta1/projects/project-risk-ai 200
[debug] [2026-03-23T18:14:02.623Z] <<< [apiv2][body] GET https://firebase.googleapis.com/v1beta1/projects/project-risk-ai {"projectId":"project-risk-ai","projectNumber":"786311270311","displayName":"project-risk-ai","name":"projects/project-risk-ai","resources":{"hostingSite":"project-risk-ai"},"state":"ACTIVE","etag":"1_2a7d4b4e-ca67-40c0-84da-13d3fa0bed72"}
[info] i  Using project project-risk-ai (project-risk-ai) 
[info] 
=== Functions Setup
[debug] [2026-03-23T18:14:02.635Z] > command requires scopes: ["email","openid","https://www.googleapis.com/auth/cloudplatformprojects.readonly","https://www.googleapis.com/auth/firebase","https://www.googleapis.com/auth/cloud-platform"]
[debug] [2026-03-23T18:14:02.635Z] > authorizing via signed-in user (yusufking23a@gmail.com)
[debug] [2026-03-23T18:14:02.635Z] [iam] checking project project-risk-ai for permissions ["firebase.projects.get"]
[debug] [2026-03-23T18:14:02.636Z] Checked if tokens are valid: true, expires at: 1774291244656
[debug] [2026-03-23T18:14:02.636Z] Checked if tokens are valid: true, expires at: 1774291244656
[debug] [2026-03-23T18:14:02.636Z] >>> [apiv2][query] POST https://cloudresourcemanager.googleapis.com/v1/projects/project-risk-ai:testIamPermissions [none]
[debug] [2026-03-23T18:14:02.636Z] >>> [apiv2][(partial)header] POST https://cloudresourcemanager.googleapis.com/v1/projects/project-risk-ai:testIamPermissions x-goog-quota-user=projects/project-risk-ai
[debug] [2026-03-23T18:14:02.636Z] >>> [apiv2][body] POST https://cloudresourcemanager.googleapis.com/v1/projects/project-risk-ai:testIamPermissions {"permissions":["firebase.projects.get"]}
[debug] [2026-03-23T18:14:03.661Z] <<< [apiv2][status] POST https://cloudresourcemanager.googleapis.com/v1/projects/project-risk-ai:testIamPermissions 200
[debug] [2026-03-23T18:14:03.661Z] <<< [apiv2][body] POST https://cloudresourcemanager.googleapis.com/v1/projects/project-risk-ai:testIamPermissions {"permissions":["firebase.projects.get"]}
[debug] [2026-03-23T18:14:03.662Z] Checked if tokens are valid: true, expires at: 1774291244656
[debug] [2026-03-23T18:14:03.662Z] Checked if tokens are valid: true, expires at: 1774291244656
[debug] [2026-03-23T18:14:03.662Z] Checked if tokens are valid: true, expires at: 1774291244656
[debug] [2026-03-23T18:14:03.662Z] Checked if tokens are valid: true, expires at: 1774291244656
[debug] [2026-03-23T18:14:03.662Z] >>> [apiv2][query] GET https://serviceusage.googleapis.com/v1/projects/project-risk-ai/services/cloudfunctions.googleapis.com [none]
[debug] [2026-03-23T18:14:03.663Z] >>> [apiv2][(partial)header] GET https://serviceusage.googleapis.com/v1/projects/project-risk-ai/services/cloudfunctions.googleapis.com x-goog-quota-user=projects/project-risk-ai
[debug] [2026-03-23T18:14:03.663Z] >>> [apiv2][query] GET https://serviceusage.googleapis.com/v1/projects/project-risk-ai/services/runtimeconfig.googleapis.com [none]
[debug] [2026-03-23T18:14:03.663Z] >>> [apiv2][(partial)header] GET https://serviceusage.googleapis.com/v1/projects/project-risk-ai/services/runtimeconfig.googleapis.com x-goog-quota-user=projects/project-risk-ai
[debug] [2026-03-23T18:14:04.818Z] <<< [apiv2][status] GET https://serviceusage.googleapis.com/v1/projects/project-risk-ai/services/runtimeconfig.googleapis.com 200
[debug] [2026-03-23T18:14:04.818Z] <<< [apiv2][body] GET https://serviceusage.googleapis.com/v1/projects/project-risk-ai/services/runtimeconfig.googleapis.com [omitted]
[debug] [2026-03-23T18:14:04.838Z] <<< [apiv2][status] GET https://serviceusage.googleapis.com/v1/projects/project-risk-ai/services/cloudfunctions.googleapis.com 200
[debug] [2026-03-23T18:14:04.838Z] <<< [apiv2][body] GET https://serviceusage.googleapis.com/v1/projects/project-risk-ai/services/cloudfunctions.googleapis.com [omitted]
[info] 
Detected existing codebase(s): default

[info] Let's create a new codebase for your functions.
[info] A directory corresponding to the codebase will be created in your project
[info] with sample code pre-configured.

[info] See https://firebase.google.com/docs/functions/organize-functions for
[info] more information on organizing your functions using codebases.

[info] Functions can be deployed with firebase deploy.

[error] functions.source must be unique but 'functions' was used more than once.
